Determining if the pthread_create exist failed with the following output:
Change Dir: /home/himanshu/nav_sys/build/CMakeFiles/CMakeTmp

Run Build Command:"/usr/bin/make" "cmTC_23540/fast"
/usr/bin/make -f CMakeFiles/cmTC_23540.dir/build.make CMakeFiles/cmTC_23540.dir/build
make[1]: Entering directory '/home/himanshu/nav_sys/build/CMakeFiles/CMakeTmp'
Building C object CMakeFiles/cmTC_23540.dir/CheckSymbolExists.c.o
/usr/bin/cc    -o CMakeFiles/cmTC_23540.dir/CheckSymbolExists.c.o   -c /home/himanshu/nav_sys/build/CMakeFiles/CMakeTmp/CheckSymbolExists.c
Linking C executable cmTC_23540
/usr/bin/cmake -E cmake_link_script CMakeFiles/cmTC_23540.dir/link.txt --verbose=1
/usr/bin/cc      -rdynamic CMakeFiles/cmTC_23540.dir/CheckSymbolExists.c.o  -o cmTC_23540 
CMakeFiles/cmTC_23540.dir/CheckSymbolExists.c.o: In function `main':
CheckSymbolExists.c:(.text+0x1b): undefined reference to `pthread_create'
collect2: error: ld returned 1 exit status
CMakeFiles/cmTC_23540.dir/build.make:97: recipe for target 'cmTC_23540' failed
make[1]: *** [cmTC_23540] Error 1
make[1]: Leaving directory '/home/himanshu/nav_sys/build/CMakeFiles/CMakeTmp'
Makefile:126: recipe for target 'cmTC_23540/fast' failed
make: *** [cmTC_23540/fast] Error 2

File /home/himanshu/nav_sys/build/CMakeFiles/CMakeTmp/CheckSymbolExists.c:
/* */
#include <pthread.h>

int main(int argc, char** argv)
{
  (void)argv;
#ifndef pthread_create
  return ((int*)(&pthread_create))[argc];
#else
  (void)argc;
  return 0;
#endif
}

Determining if the function pthread_create exists in the pthreads failed with the following output:
Change Dir: /home/himanshu/nav_sys/build/CMakeFiles/CMakeTmp

Run Build Command:"/usr/bin/make" "cmTC_abce6/fast"
/usr/bin/make -f CMakeFiles/cmTC_abce6.dir/build.make CMakeFiles/cmTC_abce6.dir/build
make[1]: Entering directory '/home/himanshu/nav_sys/build/CMakeFiles/CMakeTmp'
Building C object CMakeFiles/cmTC_abce6.dir/CheckFunctionExists.c.o
/usr/bin/cc   -DCHECK_FUNCTION_EXISTS=pthread_create   -o CMakeFiles/cmTC_abce6.dir/CheckFunctionExists.c.o   -c /usr/share/cmake-3.10/Modules/CheckFunctionExists.c
Linking C executable cmTC_abce6
/usr/bin/cmake -E cmake_link_script CMakeFiles/cmTC_abce6.dir/link.txt --verbose=1
/usr/bin/cc  -DCHECK_FUNCTION_EXISTS=pthread_create    -rdynamic CMakeFiles/cmTC_abce6.dir/CheckFunctionExists.c.o  -o cmTC_abce6 -lpthreads 
/usr/bin/ld: cannot find -lpthreads
collect2: error: ld returned 1 exit status
CMakeFiles/cmTC_abce6.dir/build.make:97: recipe for target 'cmTC_abce6' failed
make[1]: *** [cmTC_abce6] Error 1
make[1]: Leaving directory '/home/himanshu/nav_sys/build/CMakeFiles/CMakeTmp'
Makefile:126: recipe for target 'cmTC_abce6/fast' failed
make: *** [cmTC_abce6/fast] Error 2


